<?xml version="1.0" encoding="UTF-8"?>
<!-- Generated by org.testng.reporters.JUnitReportReporter -->
<testsuite hostname="DESKTOP-43DDOCO" failures="0" tests="2" name="com.testNG.SampleDataProvider" time="6.234" errors="0" timestamp="2023-09-25T08:31:05 IST" skipped="0">
  <testcase classname="com.testNG.SampleDataProvider" name="tc1" time="2.580">
    <system-out>
      <![CDATA[Browser launch
Browser launch successfull]]>
    </system-out>
  </testcase> <!-- tc1 -->
  <testcase classname="com.testNG.SampleDataProvider" name="tc1" time="3.654">
    <system-out>
      <![CDATA[Browser launch
Browser launch successfull]]>
    </system-out>
  </testcase> <!-- tc1 -->
  <system-out>
    <![CDATA[Browser launch
Browser launch successfull
Browser launch
Browser launch successfull]]>
  </system-out>
</testsuite> <!-- com.testNG.SampleDataProvider -->
