<?xml version="1.0" encoding="UTF-8"?>
<!-- Generated by org.testng.reporters.JUnitReportReporter -->
<testsuite hostname="DESKTOP-43DDOCO" failures="0" tests="5" name="com.testNG.Sample" time="0.027" errors="0" timestamp="2023-08-22T23:51:07 IST" skipped="0">
  <testcase classname="com.testNG.Sample" name="tc4" time="0.010"/>
  <testcase classname="com.testNG.Sample" name="tc4" time="0.005"/>
  <testcase classname="com.testNG.Sample" name="tc4" time="0.005"/>
  <testcase classname="com.testNG.Sample" name="tc4" time="0.004"/>
  <testcase classname="com.testNG.Sample" name="tc4" time="0.003"/>
</testsuite> <!-- com.testNG.Sample -->
