<?xml version="1.0" encoding="UTF-8"?>
<!-- Generated by org.testng.reporters.JUnitReportReporter -->
<testsuite hostname="DESKTOP-43DDOCO" failures="0" tests="2" name="com.testNG.SampleExtentReport" time="4.638" errors="0" timestamp="2023-09-28T08:55:20 IST" skipped="0">
  <testcase classname="com.testNG.SampleExtentReport" name="tc2" time="0.015"/>
  <testcase classname="com.testNG.SampleExtentReport" name="tc1" time="4.623"/>
</testsuite> <!-- com.testNG.SampleExtentReport -->
