<?xml version="1.0" encoding="UTF-8"?>
<!-- Generated by org.testng.reporters.JUnitReportReporter -->
<testsuite hostname="DESKTOP-43DDOCO" failures="0" tests="2" name="com.parallelexec.B" time="0.055" errors="0" timestamp="2023-09-12T08:08:54 IST" skipped="0">
  <testcase classname="com.parallelexec.B" name="tc4" time="0.054"/>
  <testcase classname="com.parallelexec.B" name="tc5" time="0.001"/>
</testsuite> <!-- com.parallelexec.B -->
