<?xml version="1.0" encoding="UTF-8"?>
<!-- Generated by org.testng.reporters.JUnitReportReporter -->
<testsuite hostname="DESKTOP-43DDOCO" failures="0" tests="1" name="com.sample.SampleJavaScriptExe" time="9.025" errors="0" timestamp="2023-09-08T09:59:14 IST" skipped="0">
  <testcase classname="com.sample.SampleJavaScriptExe" name="tc1" time="9.025"/>
</testsuite> <!-- com.sample.SampleJavaScriptExe -->
