<?xml version="1.0" encoding="UTF-8"?>
<!-- Generated by org.testng.reporters.JUnitReportReporter -->
<testsuite hostname="DESKTOP-43DDOCO" failures="0" tests="2" name="com.parallelexec.A" time="19.495" errors="0" timestamp="2023-09-11T08:37:22 IST" skipped="0">
  <testcase classname="com.parallelexec.A" name="tc1" time="9.703"/>
  <testcase classname="com.parallelexec.A" name="tc1" time="9.792"/>
</testsuite> <!-- com.parallelexec.A -->
