<?xml version="1.0" encoding="UTF-8"?>
<!-- Generated by org.testng.reporters.JUnitReportReporter -->
<testsuite hostname="DESKTOP-43DDOCO" failures="0" tests="2" name="com.sample.EmployeeGroups" time="0.019" errors="0" timestamp="2023-08-31T08:54:01 IST" skipped="0">
  <testcase classname="com.sample.EmployeeGroups" name="tc1" time="0.014"/>
  <testcase classname="com.sample.EmployeeGroups" name="tc3" time="0.005"/>
</testsuite> <!-- com.sample.EmployeeGroups -->
