<?xml version="1.0" encoding="UTF-8"?>
<!-- Generated by org.testng.reporters.JUnitReportReporter -->
<testsuite hostname="DESKTOP-43DDOCO" failures="0" tests="5" name="com.testNG.Demo" time="0.035" errors="0" timestamp="2023-08-22T08:39:09 IST" skipped="1">
  <testcase classname="com.testNG.Demo" name="tc5" time="0.019"/>
  <testcase classname="com.testNG.Demo" name="tc4" time="0.003"/>
  <testcase classname="com.testNG.Demo" name="tc2" time="0.003"/>
  <testcase classname="com.testNG.Demo" name="tc1" time="0.010"/>
  <testcase classname="com.testNG.Demo" name="tc3">
    <skipped/>
  </testcase> <!-- tc3 -->
</testsuite> <!-- com.testNG.Demo -->
