<?xml version="1.0" encoding="UTF-8"?>
<!-- Generated by org.testng.reporters.JUnitReportReporter -->
<testsuite hostname="DESKTOP-43DDOCO" failures="0" tests="4" name="com.parallelexec.ParallelExecByMethod" time="0.082" errors="0" timestamp="2023-09-11T08:24:28 IST" skipped="0">
  <testcase classname="com.parallelexec.ParallelExecByMethod" name="tc1" time="0.019"/>
  <testcase classname="com.parallelexec.ParallelExecByMethod" name="tc4" time="0.020"/>
  <testcase classname="com.parallelexec.ParallelExecByMethod" name="tc3" time="0.022"/>
  <testcase classname="com.parallelexec.ParallelExecByMethod" name="tc2" time="0.021"/>
</testsuite> <!-- com.parallelexec.ParallelExecByMethod -->
