<?xml version="1.0" encoding="UTF-8"?>
<!-- Generated by org.testng.reporters.JUnitReportReporter -->
<testsuite hostname="DESKTOP-43DDOCO" failures="0" tests="1" name="com.testNG.Sample1" time="5.384" errors="0" timestamp="2023-09-06T11:57:43 IST" skipped="0">
  <testcase classname="com.testNG.Sample1" name="tc1" time="5.384"/>
</testsuite> <!-- com.testNG.Sample1 -->
