<?xml version="1.0" encoding="UTF-8"?>
<!-- Generated by org.testng.reporters.JUnitReportReporter -->
<testsuite hostname="DESKTOP-43DDOCO" failures="0" tests="1" name="com.testNG.SamplePOM" time="26.395" errors="0" timestamp="2023-08-29T08:58:06 IST" skipped="0">
  <testcase classname="com.testNG.SamplePOM" name="tc1" time="26.395"/>
</testsuite> <!-- com.testNG.SamplePOM -->
