<?xml version="1.0" encoding="UTF-8"?>
<!-- Generated by org.testng.reporters.JUnitReportReporter -->
<testsuite hostname="DESKTOP-43DDOCO" failures="0" tests="1" name="com.sample.SampleTakeScreenShot" time="9.208" errors="0" timestamp="2023-09-01T08:51:52 IST" skipped="0">
  <testcase classname="com.sample.SampleTakeScreenShot" name="tc1" time="9.208"/>
</testsuite> <!-- com.sample.SampleTakeScreenShot -->
