<?xml version="1.0" encoding="UTF-8"?>
<!-- Generated by org.testng.reporters.JUnitReportReporter -->
<testsuite hostname="DESKTOP-43DDOCO" failures="0" tests="1" name="com.testNG.SampleDataDriven" time="0.931" errors="0" timestamp="2023-09-06T08:46:19 IST" skipped="0">
  <testcase classname="com.testNG.SampleDataDriven" name="tc1" time="0.931"/>
</testsuite> <!-- com.testNG.SampleDataDriven -->
