<?xml version="1.0" encoding="UTF-8"?>
<!-- Generated by org.testng.reporters.JUnitReportReporter -->
<testsuite hostname="DESKTOP-43DDOCO" failures="0" tests="4" name="com.testNG.SampleParallelExec" time="0.077" errors="0" timestamp="2023-09-11T08:17:34 IST" skipped="0">
  <testcase classname="com.testNG.SampleParallelExec" name="tc4" time="0.020"/>
  <testcase classname="com.testNG.SampleParallelExec" name="tc1" time="0.018"/>
  <testcase classname="com.testNG.SampleParallelExec" name="tc2" time="0.019"/>
  <testcase classname="com.testNG.SampleParallelExec" name="tc3" time="0.020"/>
</testsuite> <!-- com.testNG.SampleParallelExec -->
