<?xml version="1.0" encoding="UTF-8"?>
<!-- Generated by org.testng.reporters.JUnitReportReporter -->
<testsuite hostname="DESKTOP-43DDOCO" failures="0" tests="1" name="com.testNG.SampleCmd" time="4.819" errors="0" timestamp="2023-09-28T09:02:09 IST" skipped="0">
  <testcase classname="com.testNG.SampleCmd" name="tc1" time="4.819"/>
</testsuite> <!-- com.testNG.SampleCmd -->
